<?xml version="1.0" encoding="UTF-8"?><testsuite name="nosetests" tests="4" errors="0" failures="0" skip="0"><testcase classname="openquake.taxonomy.test.base_test.TaxonomyAllTest" name="content_test" time="1.176"></testcase><testcase classname="openquake.taxonomy.test.base_test.TaxonomyAllTest" name="newlog_test" time="0.418"></testcase><testcase classname="openquake.taxonomy.test.base_test.TaxonomyAllTest" name="usrn_test" time="1.861"></testcase><testcase classname="openquake.taxonomy.test.base_test.TaxonomyInOutTest" name="insert_test" time="1.152"></testcase></testsuite>